<?xml version="1.0" encoding="UTF-8"?>
<testsuite xmlns:xsi="http://www.w3.org/2001/XMLSchema-instance" xsi:noNamespaceSchemaLocation="https://maven.apache.org/surefire/maven-surefire-plugin/xsd/surefire-test-report-3.0.xsd" version="3.0" name="sorting.test.StudentSortingTest" time="0.038" tests="8" errors="0" skipped="0" failures="0">
  <properties>
    <property name="java.specification.version" value="17"/>
    <property name="sun.jnu.encoding" value="UTF-8"/>
    <property name="java.class.path" value="/home/wncs/Documents/eda-leda/leda/R04-01-Rot-LinearSorting/target/test-classes:/home/wncs/Documents/eda-leda/leda/R04-01-Rot-LinearSorting/target/classes:/home/wncs/.m2/repository/junit/junit/4.13.1/junit-4.13.1.jar:/home/wncs/.m2/repository/org/hamcrest/hamcrest-core/1.3/hamcrest-core-1.3.jar:"/>
    <property name="java.vm.vendor" value="Red Hat, Inc."/>
    <property name="sun.arch.data.model" value="64"/>
    <property name="java.vendor.url" value="https://www.redhat.com/"/>
    <property name="os.name" value="Linux"/>
    <property name="java.vm.specification.version" value="17"/>
    <property name="sun.java.launcher" value="SUN_STANDARD"/>
    <property name="user.country" value="US"/>
    <property name="sun.boot.library.path" value="/usr/lib/jvm/java-17-openjdk-17.0.7.0.7-5.fc37.x86_64/lib"/>
    <property name="sun.java.command" value="/home/wncs/Documents/eda-leda/leda/R04-01-Rot-LinearSorting/target/surefire/surefirebooter-20230829210219064_3.jar /home/wncs/Documents/eda-leda/leda/R04-01-Rot-LinearSorting/target/surefire 2023-08-29T21-02-19_011-jvmRun1 surefire-20230829210219064_1tmp surefire_0-20230829210219064_2tmp"/>
    <property name="jdk.debug" value="release"/>
    <property name="surefire.test.class.path" value="/home/wncs/Documents/eda-leda/leda/R04-01-Rot-LinearSorting/target/test-classes:/home/wncs/Documents/eda-leda/leda/R04-01-Rot-LinearSorting/target/classes:/home/wncs/.m2/repository/junit/junit/4.13.1/junit-4.13.1.jar:/home/wncs/.m2/repository/org/hamcrest/hamcrest-core/1.3/hamcrest-core-1.3.jar:"/>
    <property name="sun.cpu.endian" value="little"/>
    <property name="user.home" value="/home/wncs"/>
    <property name="user.language" value="en"/>
    <property name="java.specification.vendor" value="Oracle Corporation"/>
    <property name="java.version.date" value="2023-04-18"/>
    <property name="java.home" value="/usr/lib/jvm/java-17-openjdk-17.0.7.0.7-5.fc37.x86_64"/>
    <property name="file.separator" value="/"/>
    <property name="basedir" value="/home/wncs/Documents/eda-leda/leda/R04-01-Rot-LinearSorting"/>
    <property name="java.vm.compressedOopsMode" value="32-bit"/>
    <property name="line.separator" value="&#10;"/>
    <property name="java.vm.specification.vendor" value="Oracle Corporation"/>
    <property name="java.specification.name" value="Java Platform API Specification"/>
    <property name="surefire.real.class.path" value="/home/wncs/Documents/eda-leda/leda/R04-01-Rot-LinearSorting/target/surefire/surefirebooter-20230829210219064_3.jar"/>
    <property name="sun.management.compiler" value="HotSpot 64-Bit Tiered Compilers"/>
    <property name="java.runtime.version" value="17.0.7+7"/>
    <property name="user.name" value="wncs"/>
    <property name="path.separator" value=":"/>
    <property name="os.version" value="6.2.15-200.fc37.x86_64"/>
    <property name="java.runtime.name" value="OpenJDK Runtime Environment"/>
    <property name="file.encoding" value="UTF-8"/>
    <property name="java.vm.name" value="OpenJDK 64-Bit Server VM"/>
    <property name="java.vendor.version" value="(Red_Hat-17.0.7.0.7-4.fc37)"/>
    <property name="localRepository" value="/home/wncs/.m2/repository"/>
    <property name="java.vendor.url.bug" value="https://bugzilla.redhat.com/enter_bug.cgi?product=Fedora&amp;component=java-17-openjdk-portable&amp;version=37"/>
    <property name="java.io.tmpdir" value="/tmp"/>
    <property name="java.version" value="17.0.7"/>
    <property name="user.dir" value="/home/wncs/Documents/eda-leda/leda/R04-01-Rot-LinearSorting"/>
    <property name="os.arch" value="amd64"/>
    <property name="java.vm.specification.name" value="Java Virtual Machine Specification"/>
    <property name="native.encoding" value="UTF-8"/>
    <property name="java.library.path" value="/usr/java/packages/lib:/usr/lib64:/lib64:/lib:/usr/lib"/>
    <property name="java.vm.info" value="mixed mode, sharing"/>
    <property name="java.vendor" value="Red Hat, Inc."/>
    <property name="java.vm.version" value="17.0.7+7"/>
    <property name="sun.io.unicode.encoding" value="UnicodeLittle"/>
    <property name="java.class.version" value="61.0"/>
  </properties>
  <testcase name="testaIndicesNoMeio" classname="sorting.test.StudentSortingTest" time="0.004">
    <system-out><![CDATA[[4, 7, 11, 22, 23, 26, 28, 29]
]]></system-out>
  </testcase>
  <testcase name="testaNumeroNegativoComZero" classname="sorting.test.StudentSortingTest" time="0.0">
    <system-out><![CDATA[[-3, 0, 0, 1, 1, 2, 5, 7]
]]></system-out>
  </testcase>
  <testcase name="testaNumeroNegativo" classname="sorting.test.StudentSortingTest" time="0.0">
    <system-out><![CDATA[[-3, 1, 1, 2, 5, 7]
]]></system-out>
  </testcase>
  <testcase name="testSort01" classname="sorting.test.StudentSortingTest" time="0.0">
    <system-out><![CDATA[[4, 7, 11, 22, 23, 26, 28, 29, 30, 31]
]]></system-out>
  </testcase>
  <testcase name="testSort02" classname="sorting.test.StudentSortingTest" time="0.0">
    <system-out><![CDATA[[4, 6, 7, 11, 18, 26, 32, 36, 37, 41, 49]
]]></system-out>
  </testcase>
  <testcase name="testSort03" classname="sorting.test.StudentSortingTest" time="0.0"/>
  <testcase name="testSort04" classname="sorting.test.StudentSortingTest" time="0.0">
    <system-out><![CDATA[[6, 6, 6, 6, 6, 6]
]]></system-out>
  </testcase>
  <testcase name="testSort05" classname="sorting.test.StudentSortingTest" time="0.0">
    <system-out><![CDATA[[0, 1, 3, 4, 4, 4, 5, 9]
]]></system-out>
  </testcase>
</testsuite>